Started on Dec 13, 2021, 2:56:21 PM
Started by event from 140.82.115.116 ⇒ http://ec2-18-223-113-95.us-east-2.compute.amazonaws.com:8080/github-webhook/ on Mon Dec 13 14:56:21 UTC 2021
Using strategy: SpecificRevisionBuildChooser
[poll] Last Built Revision: Revision 54c5705f6917042f0436b31f3959f8f7dd005342 (main)
Selected Git installation does not exist. Using Default
The recommended git tool is: NONE
No credentials specified
 > git --version # timeout=10
 > git --version # 'git version 2.25.1'
 > git ls-remote -h -- https://github.com/GalSh5/newtest.git # timeout=10
Found 2 remote heads on https://github.com/GalSh5/newtest.git
Ignoring refs/heads/feature_x as it doesn't match any of the configured refspecs
[poll] Latest remote head revision on refs/heads/main is: 3b37e677cfb2ff05b7a651f3268680f37081ebec
Using strategy: Default
[poll] Last Built Revision: Revision 54c5705f6917042f0436b31f3959f8f7dd005342 (main)
Selected Git installation does not exist. Using Default
The recommended git tool is: NONE
No credentials specified
 > git --version # timeout=10
 > git --version # 'git version 2.25.1'
 > git ls-remote -h -- https://github.com/GalSh5/newtest.git # timeout=10
Found 2 remote heads on https://github.com/GalSh5/newtest.git
[poll] Latest remote head revision on refs/heads/main is: 3b37e677cfb2ff05b7a651f3268680f37081ebec
Done. Took 0.48 sec
Changes found
