Started
[Mon Dec 13 14:05:30 UTC 2021] Starting branch indexing...
[8mha:////4MQg2RUOTrdxDbboF0TlcO8V9mvsu2G1A0A3EfBMQ+h2AAAAhB+LCAAAAAAAAP9b85aBtbiIwSa/KF0vKzUvOzOvODlTryCnNB3I0kvPLMkoTYpPKkrMS86IL84vLUpO1XPPLPEoTXLOzyvOz0n1yy9JZYAARiYGRi8GzpLM3NTiksTcgooiBqmM0pTi/Dy9ZIhiPayaGCoKgHTtFpm7jQDMjGwJjgAAAA==[0mConnecting to https://api.github.com with no credentials, anonymous access
Examining [8mha:////4N3fXuYRp68VYalXJM+cxJzVdQVhz7dZ+LZ8slaNTzgiAAAAoR+LCAAAAAAAAP9b85aBtbiIQSajNKU4P08vOT+vOD8nVc+jsiC1KCczL9svvyTVzHb1RttJBUeZGJg8GdhyUvPSSzJ8GJhLi3JKGIR8shLLEvVzEvPS9YNLijLz0q0rihik0IxzhtAgwxgggJGJgaGiAMjgK2FQzCgpKSi20tdPzyzJKE0C6srVd0/MCc4w1c9LLS9JLS4BAEt0vlOmAAAA[0mGalSh5/newtest

  Checking branches...

  Getting remote branches...

    Checking branch [8mha:////4N7yrEsMxID4/t4kTaEzB1HBedXF7FWfxygj5Q9tk4OZAAAAqx+LCAAAAAAAAP9b85aBtbiIQSajNKU4P08vOT+vOD8nVc+jsiC1KCczL9svvyTVzHb1RttJBUeZGJg8GdhyUvPSSzJ8GJhLi3JKGIR8shLLEvVzEvPS9YNLijLz0q0rihik0IxzhtAgwxgggJGJgaGiAMhgKWHQzigpKSi20tdPzyzJKE0C6srVd0/MCc4w1c9LLS9JLS7RLylKTdXPTczMAwDdzkCpsAAAAA==[0mmain

  Getting remote pull requests...
      ‘Jenkinsfile’ found
    Met criteria
Scheduled build for branch: main

    Checking branch [8mha:////4EMMiftWNKeGCeWq3ZNwLNnxRgsNpxbiNN8uCB6n1ilqAAAArh+LCAAAAAAAAP9djDEOAUEUhp8VEq1SnGGfhoJspUCy0ewBZPDMLGNmMvOGdQ3XoHEIx3EHK9v5mv9r/u/5gU7wMFRxH6xJd9YEqyld3hx5XZrT2jJNsscru7t3AskKupqMZJVDO3rN0M+P4iJQCyOxYF8aOas8DP5y82Z/MWhoJQCVq6XHMFLMLkwRZckqbuvXGRdCF2qMhq5MgZE9ER5IcPS0qb5uNhj6tQAAAA==[0mfeature_x
      ‘Jenkinsfile’ found
    Met criteria
Scheduled build for branch: feature_x

  2 branches were processed

  Checking pull-requests...

  0 pull requests were processed

Finished examining GalSh5/newtest

[Mon Dec 13 14:05:30 UTC 2021] Finished branch indexing. Indexing took 0.66 sec
Finished: SUCCESS
