Started on Dec 13, 2021, 8:33:16 AM
Started by event from 140.82.115.117 ⇒ http://ec2-18-223-113-95.us-east-2.compute.amazonaws.com:8080/github-webhook/ on Mon Dec 13 08:33:16 UTC 2021
Using strategy: Default
[poll] Last Built Revision: Revision 1e6957aafb1d41a70d286f1b311bea2fd26e754f (refs/remotes/origin/main)
Selected Git installation does not exist. Using Default
The recommended git tool is: NONE
using credential 851fdaf4-4413-48a8-8d69-d919abec3330
 > git --version # timeout=10
 > git --version # 'git version 2.25.1'
using GIT_SSH to set credentials 
 > git ls-remote -h -- git@github.com:GalSh5/newtest # timeout=10
Found 1 remote heads on git@github.com:GalSh5/newtest
[poll] Latest remote head revision on refs/heads/main is: e74b8f50d3976eb30cc1d2fa793867b6a8570574
Using strategy: Default
[poll] Last Built Revision: Revision 1e6957aafb1d41a70d286f1b311bea2fd26e754f (refs/remotes/origin/main)
Selected Git installation does not exist. Using Default
The recommended git tool is: NONE
No credentials specified
 > git --version # timeout=10
 > git --version # 'git version 2.25.1'
 > git ls-remote -h -- https://github.com/GalSh5/newtest.git # timeout=10
Found 1 remote heads on https://github.com/GalSh5/newtest.git
[poll] Latest remote head revision on refs/heads/main is: e74b8f50d3976eb30cc1d2fa793867b6a8570574
Done. Took 0.69 sec
Changes found
