Started at Mon Dec 13 13:09:15 UTC 2021
Processing bla
Offering bla to Project Build Discarder
Processing firsttest
Offering firsttest to Project Build Discarder
Processing gittest
Offering gittest to Project Build Discarder
Processing multi2
Offering multi2 to Project Build Discarder
Processing newer
Offering newer to Project Build Discarder
Processing newgit
Offering newgit to Project Build Discarder
Processing parallel
Offering parallel to Project Build Discarder
Processing please
Offering please to Project Build Discarder
Processing test2
Offering test2 to Project Build Discarder
Processing testing
Offering testing to Project Build Discarder
Processing newtesting/feature_x
Offering newtesting/feature_x to Project Build Discarder
Processing newtesting/main
Offering newtesting/main to Project Build Discarder
Finished at Mon Dec 13 13:09:15 UTC 2021. 4ms
Started at Mon Dec 13 14:12:12 UTC 2021
Processing bla
Offering bla to Project Build Discarder
Processing firsttest
Offering firsttest to Project Build Discarder
Processing gittest
Offering gittest to Project Build Discarder
Processing multi2
Offering multi2 to Project Build Discarder
Processing newer
Offering newer to Project Build Discarder
Processing newgit
Offering newgit to Project Build Discarder
Processing parallel
Offering parallel to Project Build Discarder
Processing please
Offering please to Project Build Discarder
Processing test2
Offering test2 to Project Build Discarder
Processing testing
Offering testing to Project Build Discarder
Processing newtesting/feature_x
Offering newtesting/feature_x to Project Build Discarder
Processing newtesting/main
Offering newtesting/main to Project Build Discarder
Processing multipipeline/feature_x
Offering multipipeline/feature_x to Project Build Discarder
Processing multipipeline/main
Offering multipipeline/main to Project Build Discarder
Finished at Mon Dec 13 14:12:14 UTC 2021. 2077ms
